<!DOCTYPE html>

<html>
  <head>
  <title>TestNG reports</title>

    <link type="text/css" href="testng-reports.css" rel="stylesheet" />  
    <script type="text/javascript" src="jquery-1.7.1.min.js"></script>
    <script type="text/javascript" src="testng-reports.js"></script>
    <script type="text/javascript" src="https://www.google.com/jsapi"></script>
    <script type='text/javascript'>
      google.load('visualization', '1', {packages:['table']});
      google.setOnLoadCallback(drawTable);
      var suiteTableInitFunctions = new Array();
      var suiteTableData = new Array();
    </script>
    <!--
      <script type="text/javascript" src="jquery-ui/js/jquery-ui-1.8.16.custom.min.js"></script>
     -->
  </head>

  <body>
    <div class="top-banner-root">
      <span class="top-banner-title-font">Test results</span>
      <br/>
      <span class="top-banner-font-1">1 suite, 6 failed tests</span>
    </div> <!-- top-banner-root -->
    <div class="navigator-root">
      <div class="navigator-suite-header">
        <span>All suites</span>
        <a href="#" class="collapse-all-link" title="Collapse/expand all the suites">
          <img class="collapse-all-icon" src="collapseall.gif">
          </img> <!-- collapse-all-icon -->
        </a> <!-- collapse-all-link -->
      </div> <!-- navigator-suite-header -->
      <div class="suite">
        <div class="rounded-window">
          <div class="suite-header light-rounded-window-top">
            <a href="#" class="navigator-link" panel-name="suite-Default_suite">
              <span class="suite-name border-failed">Default suite</span>
            </a> <!-- navigator-link -->
          </div> <!-- suite-header light-rounded-window-top -->
          <div class="navigator-suite-content">
            <div class="suite-section-title">
              <span>Info</span>
            </div> <!-- suite-section-title -->
            <div class="suite-section-content">
              <ul>
                <li>
                  <a href="#" class="navigator-link " panel-name="test-xml-Default_suite">
                    <span>testng-customsuite.xml</span>
                  </a> <!-- navigator-link  -->
                </li>
                <li>
                  <a href="#" class="navigator-link " panel-name="testlist-Default_suite">
                    <span class="test-stats">1 test</span>
                  </a> <!-- navigator-link  -->
                </li>
                <li>
                  <a href="#" class="navigator-link " panel-name="group-Default_suite">
                    <span>0 groups</span>
                  </a> <!-- navigator-link  -->
                </li>
                <li>
                  <a href="#" class="navigator-link " panel-name="times-Default_suite">
                    <span>Times</span>
                  </a> <!-- navigator-link  -->
                </li>
                <li>
                  <a href="#" class="navigator-link " panel-name="reporter-Default_suite">
                    <span>Reporter output</span>
                  </a> <!-- navigator-link  -->
                </li>
                <li>
                  <a href="#" class="navigator-link " panel-name="ignored-methods-Default_suite">
                    <span>Ignored methods</span>
                  </a> <!-- navigator-link  -->
                </li>
                <li>
                  <a href="#" class="navigator-link " panel-name="chronological-Default_suite">
                    <span>Chronological view</span>
                  </a> <!-- navigator-link  -->
                </li>
              </ul>
            </div> <!-- suite-section-content -->
            <div class="result-section">
              <div class="suite-section-title">
                <span>Results</span>
              </div> <!-- suite-section-title -->
              <div class="suite-section-content">
                <ul>
                  <li>
                    <span class="method-stats">6 methods, 6 failed,   </span>
                  </li>
                  <li>
                    <span class="method-list-title failed">Failed methods</span>
                    <span class="show-or-hide-methods failed">
                      <a href="#" panel-name="suite-Default_suite" class="hide-methods failed suite-Default_suite"> (hide)</a> <!-- hide-methods failed suite-Default_suite -->
                      <a href="#" panel-name="suite-Default_suite" class="show-methods failed suite-Default_suite"> (show)</a> <!-- show-methods failed suite-Default_suite -->
                    </span>
                    <div class="method-list-content failed suite-Default_suite">
                      <span>
                        <img width="3%" src="failed.png"/>
                        <a href="#" class="method navigator-link" panel-name="suite-Default_suite" title="com.cs.ui.test.CoreStoreSmokeTest" hash-for-method="buyTicketsAsExistingCustomerByCrediCard">buyTicketsAsExistingCustomerByCrediCard</a> <!-- method navigator-link -->
                      </span>
                      <br/>
                      <span>
                        <img width="3%" src="failed.png"/>
                        <a href="#" class="method navigator-link" panel-name="suite-Default_suite" title="com.cs.ui.test.CoreStoreSmokeTest" hash-for-method="buyTicketsAsExistingCustomerByPaypal">buyTicketsAsExistingCustomerByPaypal</a> <!-- method navigator-link -->
                      </span>
                      <br/>
                      <span>
                        <img width="3%" src="failed.png"/>
                        <a href="#" class="method navigator-link" panel-name="suite-Default_suite" title="com.cs.ui.test.CoreStoreSmokeTest" hash-for-method="buyTicketsAsNewCustomerWithDifferentAddressByCreditCard">buyTicketsAsNewCustomerWithDifferentAddressByCreditCard</a> <!-- method navigator-link -->
                      </span>
                      <br/>
                      <span>
                        <img width="3%" src="failed.png"/>
                        <a href="#" class="method navigator-link" panel-name="suite-Default_suite" title="com.cs.ui.test.CoreStoreSmokeTest" hash-for-method="buyTicketsAsNewCustomerWithDifferentAddressByPaypal">buyTicketsAsNewCustomerWithDifferentAddressByPaypal</a> <!-- method navigator-link -->
                      </span>
                      <br/>
                      <span>
                        <img width="3%" src="failed.png"/>
                        <a href="#" class="method navigator-link" panel-name="suite-Default_suite" title="com.cs.ui.test.CoreStoreSmokeTest" hash-for-method="buyTicketsAsNewCustomerWithSameAddressByCreditCard">buyTicketsAsNewCustomerWithSameAddressByCreditCard</a> <!-- method navigator-link -->
                      </span>
                      <br/>
                      <span>
                        <img width="3%" src="failed.png"/>
                        <a href="#" class="method navigator-link" panel-name="suite-Default_suite" title="com.cs.ui.test.CoreStoreSmokeTest" hash-for-method="buyTicketsAsNewCustomerWithSameAddressByPaypal">buyTicketsAsNewCustomerWithSameAddressByPaypal</a> <!-- method navigator-link -->
                      </span>
                      <br/>
                    </div> <!-- method-list-content failed suite-Default_suite -->
                  </li>
                </ul>
              </div> <!-- suite-section-content -->
            </div> <!-- result-section -->
          </div> <!-- navigator-suite-content -->
        </div> <!-- rounded-window -->
      </div> <!-- suite -->
    </div> <!-- navigator-root -->
    <div class="wrapper">
      <div class="main-panel-root">
        <div panel-name="suite-Default_suite" class="panel Default_suite">
          <div class="suite-Default_suite-class-failed">
            <div class="main-panel-header rounded-window-top">
              <img src="failed.png"/>
              <span class="class-name">com.cs.ui.test.CoreStoreSmokeTest</span>
            </div> <!-- main-panel-header rounded-window-top -->
            <div class="main-panel-content rounded-window-bottom">
              <div class="method">
                <div class="method-content">
                  <a name="buyTicketsAsExistingCustomerByCrediCard">
                  </a> <!-- buyTicketsAsExistingCustomerByCrediCard -->
                  <span class="method-name">buyTicketsAsExistingCustomerByCrediCard</span>
                  <div class="stack-trace">org.openqa.selenium.NoSuchWindowException: Window not found. The browser window may have been closed.
Command duration or timeout: 10 milliseconds
Build info: version: &apos;2.37.1&apos;, revision: &apos;a7c61cbd68657e133ae96672cf995890bad2ee42&apos;, time: &apos;2013-10-21 09:08:07&apos;
System info: host: &apos;Shahiduls-MacBook-Pro.local&apos;, ip: &apos;192.168.1.142&apos;, os.name: &apos;Mac OS X&apos;, os.arch: &apos;x86_64&apos;, os.version: &apos;10.8.5&apos;, java.version: &apos;1.7.0_40&apos;
Session ID: 5f1e02f4-3b1a-994a-a733-14142229d302
Driver info: org.openqa.selenium.firefox.FirefoxDriver
Capabilities [{platform=MAC, databaseEnabled=true, cssSelectorsEnabled=true, javascriptEnabled=true, acceptSslCerts=true, handlesAlerts=true, browserName=firefox, browserConnectionEnabled=true, nativeEvents=false, webStorageEnabled=true, rotatable=false, locationContextEnabled=true, applicationCacheEnabled=true, takesScreenshot=true, version=25.0.1}]
	at sun.reflect.NativeConstructorAccessorImpl.newInstance0(Native Method)
	at sun.reflect.NativeConstructorAccessorImpl.newInstance(NativeConstructorAccessorImpl.java:57)
	at sun.reflect.DelegatingConstructorAccessorImpl.newInstance(DelegatingConstructorAccessorImpl.java:45)
	at java.lang.reflect.Constructor.newInstance(Constructor.java:526)
	at org.openqa.selenium.remote.ErrorHandler.createThrowable(ErrorHandler.java:193)
	at org.openqa.selenium.remote.ErrorHandler.throwIfResponseFailed(ErrorHandler.java:145)
	at org.openqa.selenium.remote.RemoteWebDriver.execute(RemoteWebDriver.java:554)
	at org.openqa.selenium.remote.RemoteWebDriver.findElement(RemoteWebDriver.java:307)
	at org.openqa.selenium.remote.RemoteWebDriver.findElementByName(RemoteWebDriver.java:380)
	at org.openqa.selenium.By$ByName.findElement(By.java:305)
	at org.openqa.selenium.remote.RemoteWebDriver.findElement(RemoteWebDriver.java:299)
	at com.cs.ui.test.Common.accessCodeHandle(Common.java:25)
	at com.cs.ui.test.Common.addTicketsToCart(Common.java:133)
	at com.cs.ui.test.CoreStoreSmokeTest.buyTicketsAsExistingCustomerByCrediCard(CoreStoreSmokeTest.java:85)
	at sun.reflect.NativeMethodAccessorImpl.invoke0(Native Method)
	at sun.reflect.NativeMethodAccessorImpl.invoke(NativeMethodAccessorImpl.java:57)
	at sun.reflect.DelegatingMethodAccessorImpl.invoke(DelegatingMethodAccessorImpl.java:43)
	at java.lang.reflect.Method.invoke(Method.java:606)
	at org.testng.internal.MethodInvocationHelper.invokeMethod(MethodInvocationHelper.java:84)
	at org.testng.internal.Invoker.invokeMethod(Invoker.java:714)
	at org.testng.internal.Invoker.invokeTestMethod(Invoker.java:901)
	at org.testng.internal.Invoker.invokeTestMethods(Invoker.java:1231)
	at org.testng.internal.TestMethodWorker.invokeTestMethods(TestMethodWorker.java:127)
	at org.testng.internal.TestMethodWorker.run(TestMethodWorker.java:111)
	at org.testng.TestRunner.privateRun(TestRunner.java:767)
	at org.testng.TestRunner.run(TestRunner.java:617)
	at org.testng.SuiteRunner.runTest(SuiteRunner.java:334)
	at org.testng.SuiteRunner.runSequentially(SuiteRunner.java:329)
	at org.testng.SuiteRunner.privateRun(SuiteRunner.java:291)
	at org.testng.SuiteRunner.run(SuiteRunner.java:240)
	at org.testng.SuiteRunnerWorker.runSuite(SuiteRunnerWorker.java:52)
	at org.testng.SuiteRunnerWorker.run(SuiteRunnerWorker.java:86)
	at org.testng.TestNG.runSuitesSequentially(TestNG.java:1224)
	at org.testng.TestNG.runSuitesLocally(TestNG.java:1149)
	at org.testng.TestNG.run(TestNG.java:1057)
	at org.testng.remote.RemoteTestNG.run(RemoteTestNG.java:111)
	at org.testng.remote.RemoteTestNG.initAndRun(RemoteTestNG.java:204)
	at org.testng.remote.RemoteTestNG.main(RemoteTestNG.java:175)
Caused by: org.openqa.selenium.remote.ErrorHandler$UnknownServerException: Window not found. The browser window may have been closed.
Build info: version: &apos;2.37.1&apos;, revision: &apos;a7c61cbd68657e133ae96672cf995890bad2ee42&apos;, time: &apos;2013-10-21 09:08:07&apos;
System info: host: &apos;Shahiduls-MacBook-Pro.local&apos;, ip: &apos;192.168.1.142&apos;, os.name: &apos;Mac OS X&apos;, os.arch: &apos;x86_64&apos;, os.version: &apos;10.8.5&apos;, java.version: &apos;1.7.0_40&apos;
Driver info: driver.version: unknown
	at &lt;anonymous class&gt;.nsCommandProcessor.prototype.execute(file:///var/folders/nv/lhxgdb8x6zn4qwqv_7_fqm7r0000gn/T/anonymous7827877466605667867webdriver-profile/extensions/fxdriver@googlecode.com/components/command_processor.js:10917)
	at &lt;anonymous class&gt;.Dispatcher.executeAs/&lt;(file:///var/folders/nv/lhxgdb8x6zn4qwqv_7_fqm7r0000gn/T/anonymous7827877466605667867webdriver-profile/extensions/fxdriver@googlecode.com/components/driver_component.js:7722)
	at &lt;anonymous class&gt;.Resource.prototype.handle(file:///var/folders/nv/lhxgdb8x6zn4qwqv_7_fqm7r0000gn/T/anonymous7827877466605667867webdriver-profile/extensions/fxdriver@googlecode.com/components/driver_component.js:7868)
	at &lt;anonymous class&gt;.Dispatcher.prototype.dispatch(file:///var/folders/nv/lhxgdb8x6zn4qwqv_7_fqm7r0000gn/T/anonymous7827877466605667867webdriver-profile/extensions/fxdriver@googlecode.com/components/driver_component.js:7815)
	at &lt;anonymous class&gt;.WebDriverServer/&lt;.handle(file:///var/folders/nv/lhxgdb8x6zn4qwqv_7_fqm7r0000gn/T/anonymous7827877466605667867webdriver-profile/extensions/fxdriver@googlecode.com/components/driver_component.js:10706)
	at &lt;anonymous class&gt;.createHandlerFunc/&lt;(file:///var/folders/nv/lhxgdb8x6zn4qwqv_7_fqm7r0000gn/T/anonymous7827877466605667867webdriver-profile/extensions/fxdriver@googlecode.com/components/httpd.js:1935)
	at &lt;anonymous class&gt;.ServerHandler.prototype.handleResponse(file:///var/folders/nv/lhxgdb8x6zn4qwqv_7_fqm7r0000gn/T/anonymous7827877466605667867webdriver-profile/extensions/fxdriver@googlecode.com/components/httpd.js:2261)
	at &lt;anonymous class&gt;.Connection.prototype.process(file:///var/folders/nv/lhxgdb8x6zn4qwqv_7_fqm7r0000gn/T/anonymous7827877466605667867webdriver-profile/extensions/fxdriver@googlecode.com/components/httpd.js:1168)
	at &lt;anonymous class&gt;.RequestReader.prototype._handleResponse(file:///var/folders/nv/lhxgdb8x6zn4qwqv_7_fqm7r0000gn/T/anonymous7827877466605667867webdriver-profile/extensions/fxdriver@googlecode.com/components/httpd.js:1616)
	at &lt;anonymous class&gt;.RequestReader.prototype._processBody(file:///var/folders/nv/lhxgdb8x6zn4qwqv_7_fqm7r0000gn/T/anonymous7827877466605667867webdriver-profile/extensions/fxdriver@googlecode.com/components/httpd.js:1464)
	at &lt;anonymous class&gt;.RequestReader.prototype.onInputStreamReady(file:///var/folders/nv/lhxgdb8x6zn4qwqv_7_fqm7r0000gn/T/anonymous7827877466605667867webdriver-profile/extensions/fxdriver@googlecode.com/components/httpd.js:1333)

</div> <!-- stack-trace -->
                </div> <!-- method-content -->
              </div> <!-- method -->
              <div class="method">
                <div class="method-content">
                  <a name="buyTicketsAsExistingCustomerByPaypal">
                  </a> <!-- buyTicketsAsExistingCustomerByPaypal -->
                  <span class="method-name">buyTicketsAsExistingCustomerByPaypal</span>
                  <div class="stack-trace">org.openqa.selenium.NoSuchWindowException: Window not found. The browser window may have been closed.
Command duration or timeout: 10 milliseconds
Build info: version: &apos;2.37.1&apos;, revision: &apos;a7c61cbd68657e133ae96672cf995890bad2ee42&apos;, time: &apos;2013-10-21 09:08:07&apos;
System info: host: &apos;Shahiduls-MacBook-Pro.local&apos;, ip: &apos;192.168.1.142&apos;, os.name: &apos;Mac OS X&apos;, os.arch: &apos;x86_64&apos;, os.version: &apos;10.8.5&apos;, java.version: &apos;1.7.0_40&apos;
Session ID: 5f1e02f4-3b1a-994a-a733-14142229d302
Driver info: org.openqa.selenium.firefox.FirefoxDriver
Capabilities [{platform=MAC, databaseEnabled=true, cssSelectorsEnabled=true, javascriptEnabled=true, acceptSslCerts=true, handlesAlerts=true, browserName=firefox, browserConnectionEnabled=true, nativeEvents=false, webStorageEnabled=true, rotatable=false, locationContextEnabled=true, applicationCacheEnabled=true, takesScreenshot=true, version=25.0.1}]
	at sun.reflect.NativeConstructorAccessorImpl.newInstance0(Native Method)
	at sun.reflect.NativeConstructorAccessorImpl.newInstance(NativeConstructorAccessorImpl.java:57)
	at sun.reflect.DelegatingConstructorAccessorImpl.newInstance(DelegatingConstructorAccessorImpl.java:45)
	at java.lang.reflect.Constructor.newInstance(Constructor.java:526)
	at org.openqa.selenium.remote.ErrorHandler.createThrowable(ErrorHandler.java:193)
	at org.openqa.selenium.remote.ErrorHandler.throwIfResponseFailed(ErrorHandler.java:145)
	at org.openqa.selenium.remote.RemoteWebDriver.execute(RemoteWebDriver.java:554)
	at org.openqa.selenium.remote.RemoteWebDriver.findElement(RemoteWebDriver.java:307)
	at org.openqa.selenium.remote.RemoteWebDriver.findElementByName(RemoteWebDriver.java:380)
	at org.openqa.selenium.By$ByName.findElement(By.java:305)
	at org.openqa.selenium.remote.RemoteWebDriver.findElement(RemoteWebDriver.java:299)
	at com.cs.ui.test.Common.accessCodeHandle(Common.java:25)
	at com.cs.ui.test.Common.addTicketsToCart(Common.java:133)
	at com.cs.ui.test.CoreStoreSmokeTest.buyTicketsAsExistingCustomerByPaypal(CoreStoreSmokeTest.java:99)
	at sun.reflect.NativeMethodAccessorImpl.invoke0(Native Method)
	at sun.reflect.NativeMethodAccessorImpl.invoke(NativeMethodAccessorImpl.java:57)
	at sun.reflect.DelegatingMethodAccessorImpl.invoke(DelegatingMethodAccessorImpl.java:43)
	at java.lang.reflect.Method.invoke(Method.java:606)
	at org.testng.internal.MethodInvocationHelper.invokeMethod(MethodInvocationHelper.java:84)
	at org.testng.internal.Invoker.invokeMethod(Invoker.java:714)
	at org.testng.internal.Invoker.invokeTestMethod(Invoker.java:901)
	at org.testng.internal.Invoker.invokeTestMethods(Invoker.java:1231)
	at org.testng.internal.TestMethodWorker.invokeTestMethods(TestMethodWorker.java:127)
	at org.testng.internal.TestMethodWorker.run(TestMethodWorker.java:111)
	at org.testng.TestRunner.privateRun(TestRunner.java:767)
	at org.testng.TestRunner.run(TestRunner.java:617)
	at org.testng.SuiteRunner.runTest(SuiteRunner.java:334)
	at org.testng.SuiteRunner.runSequentially(SuiteRunner.java:329)
	at org.testng.SuiteRunner.privateRun(SuiteRunner.java:291)
	at org.testng.SuiteRunner.run(SuiteRunner.java:240)
	at org.testng.SuiteRunnerWorker.runSuite(SuiteRunnerWorker.java:52)
	at org.testng.SuiteRunnerWorker.run(SuiteRunnerWorker.java:86)
	at org.testng.TestNG.runSuitesSequentially(TestNG.java:1224)
	at org.testng.TestNG.runSuitesLocally(TestNG.java:1149)
	at org.testng.TestNG.run(TestNG.java:1057)
	at org.testng.remote.RemoteTestNG.run(RemoteTestNG.java:111)
	at org.testng.remote.RemoteTestNG.initAndRun(RemoteTestNG.java:204)
	at org.testng.remote.RemoteTestNG.main(RemoteTestNG.java:175)
Caused by: org.openqa.selenium.remote.ErrorHandler$UnknownServerException: Window not found. The browser window may have been closed.
Build info: version: &apos;2.37.1&apos;, revision: &apos;a7c61cbd68657e133ae96672cf995890bad2ee42&apos;, time: &apos;2013-10-21 09:08:07&apos;
System info: host: &apos;Shahiduls-MacBook-Pro.local&apos;, ip: &apos;192.168.1.142&apos;, os.name: &apos;Mac OS X&apos;, os.arch: &apos;x86_64&apos;, os.version: &apos;10.8.5&apos;, java.version: &apos;1.7.0_40&apos;
Driver info: driver.version: unknown
	at &lt;anonymous class&gt;.nsCommandProcessor.prototype.execute(file:///var/folders/nv/lhxgdb8x6zn4qwqv_7_fqm7r0000gn/T/anonymous7827877466605667867webdriver-profile/extensions/fxdriver@googlecode.com/components/command_processor.js:10917)
	at &lt;anonymous class&gt;.Dispatcher.executeAs/&lt;(file:///var/folders/nv/lhxgdb8x6zn4qwqv_7_fqm7r0000gn/T/anonymous7827877466605667867webdriver-profile/extensions/fxdriver@googlecode.com/components/driver_component.js:7722)
	at &lt;anonymous class&gt;.Resource.prototype.handle(file:///var/folders/nv/lhxgdb8x6zn4qwqv_7_fqm7r0000gn/T/anonymous7827877466605667867webdriver-profile/extensions/fxdriver@googlecode.com/components/driver_component.js:7868)
	at &lt;anonymous class&gt;.Dispatcher.prototype.dispatch(file:///var/folders/nv/lhxgdb8x6zn4qwqv_7_fqm7r0000gn/T/anonymous7827877466605667867webdriver-profile/extensions/fxdriver@googlecode.com/components/driver_component.js:7815)
	at &lt;anonymous class&gt;.WebDriverServer/&lt;.handle(file:///var/folders/nv/lhxgdb8x6zn4qwqv_7_fqm7r0000gn/T/anonymous7827877466605667867webdriver-profile/extensions/fxdriver@googlecode.com/components/driver_component.js:10706)
	at &lt;anonymous class&gt;.createHandlerFunc/&lt;(file:///var/folders/nv/lhxgdb8x6zn4qwqv_7_fqm7r0000gn/T/anonymous7827877466605667867webdriver-profile/extensions/fxdriver@googlecode.com/components/httpd.js:1935)
	at &lt;anonymous class&gt;.ServerHandler.prototype.handleResponse(file:///var/folders/nv/lhxgdb8x6zn4qwqv_7_fqm7r0000gn/T/anonymous7827877466605667867webdriver-profile/extensions/fxdriver@googlecode.com/components/httpd.js:2261)
	at &lt;anonymous class&gt;.Connection.prototype.process(file:///var/folders/nv/lhxgdb8x6zn4qwqv_7_fqm7r0000gn/T/anonymous7827877466605667867webdriver-profile/extensions/fxdriver@googlecode.com/components/httpd.js:1168)
	at &lt;anonymous class&gt;.RequestReader.prototype._handleResponse(file:///var/folders/nv/lhxgdb8x6zn4qwqv_7_fqm7r0000gn/T/anonymous7827877466605667867webdriver-profile/extensions/fxdriver@googlecode.com/components/httpd.js:1616)
	at &lt;anonymous class&gt;.RequestReader.prototype._processBody(file:///var/folders/nv/lhxgdb8x6zn4qwqv_7_fqm7r0000gn/T/anonymous7827877466605667867webdriver-profile/extensions/fxdriver@googlecode.com/components/httpd.js:1464)
	at &lt;anonymous class&gt;.RequestReader.prototype.onInputStreamReady(file:///var/folders/nv/lhxgdb8x6zn4qwqv_7_fqm7r0000gn/T/anonymous7827877466605667867webdriver-profile/extensions/fxdriver@googlecode.com/components/httpd.js:1333)

</div> <!-- stack-trace -->
                </div> <!-- method-content -->
              </div> <!-- method -->
              <div class="method">
                <div class="method-content">
                  <a name="buyTicketsAsNewCustomerWithDifferentAddressByCreditCard">
                  </a> <!-- buyTicketsAsNewCustomerWithDifferentAddressByCreditCard -->
                  <span class="method-name">buyTicketsAsNewCustomerWithDifferentAddressByCreditCard</span>
                  <div class="stack-trace">org.openqa.selenium.NoSuchWindowException: Window not found. The browser window may have been closed.
Command duration or timeout: 9 milliseconds
Build info: version: &apos;2.37.1&apos;, revision: &apos;a7c61cbd68657e133ae96672cf995890bad2ee42&apos;, time: &apos;2013-10-21 09:08:07&apos;
System info: host: &apos;Shahiduls-MacBook-Pro.local&apos;, ip: &apos;192.168.1.142&apos;, os.name: &apos;Mac OS X&apos;, os.arch: &apos;x86_64&apos;, os.version: &apos;10.8.5&apos;, java.version: &apos;1.7.0_40&apos;
Session ID: 5f1e02f4-3b1a-994a-a733-14142229d302
Driver info: org.openqa.selenium.firefox.FirefoxDriver
Capabilities [{platform=MAC, databaseEnabled=true, cssSelectorsEnabled=true, javascriptEnabled=true, acceptSslCerts=true, handlesAlerts=true, browserName=firefox, browserConnectionEnabled=true, nativeEvents=false, webStorageEnabled=true, rotatable=false, locationContextEnabled=true, applicationCacheEnabled=true, takesScreenshot=true, version=25.0.1}]
	at sun.reflect.NativeConstructorAccessorImpl.newInstance0(Native Method)
	at sun.reflect.NativeConstructorAccessorImpl.newInstance(NativeConstructorAccessorImpl.java:57)
	at sun.reflect.DelegatingConstructorAccessorImpl.newInstance(DelegatingConstructorAccessorImpl.java:45)
	at java.lang.reflect.Constructor.newInstance(Constructor.java:526)
	at org.openqa.selenium.remote.ErrorHandler.createThrowable(ErrorHandler.java:193)
	at org.openqa.selenium.remote.ErrorHandler.throwIfResponseFailed(ErrorHandler.java:145)
	at org.openqa.selenium.remote.RemoteWebDriver.execute(RemoteWebDriver.java:554)
	at org.openqa.selenium.remote.RemoteWebDriver.findElement(RemoteWebDriver.java:307)
	at org.openqa.selenium.remote.RemoteWebDriver.findElementByName(RemoteWebDriver.java:380)
	at org.openqa.selenium.By$ByName.findElement(By.java:305)
	at org.openqa.selenium.remote.RemoteWebDriver.findElement(RemoteWebDriver.java:299)
	at com.cs.ui.test.Common.accessCodeHandle(Common.java:25)
	at com.cs.ui.test.Common.addTicketsToCart(Common.java:133)
	at com.cs.ui.test.CoreStoreSmokeTest.buyTicketsAsNewCustomerWithDifferentAddressByCreditCard(CoreStoreSmokeTest.java:66)
	at sun.reflect.NativeMethodAccessorImpl.invoke0(Native Method)
	at sun.reflect.NativeMethodAccessorImpl.invoke(NativeMethodAccessorImpl.java:57)
	at sun.reflect.DelegatingMethodAccessorImpl.invoke(DelegatingMethodAccessorImpl.java:43)
	at java.lang.reflect.Method.invoke(Method.java:606)
	at org.testng.internal.MethodInvocationHelper.invokeMethod(MethodInvocationHelper.java:84)
	at org.testng.internal.Invoker.invokeMethod(Invoker.java:714)
	at org.testng.internal.Invoker.invokeTestMethod(Invoker.java:901)
	at org.testng.internal.Invoker.invokeTestMethods(Invoker.java:1231)
	at org.testng.internal.TestMethodWorker.invokeTestMethods(TestMethodWorker.java:127)
	at org.testng.internal.TestMethodWorker.run(TestMethodWorker.java:111)
	at org.testng.TestRunner.privateRun(TestRunner.java:767)
	at org.testng.TestRunner.run(TestRunner.java:617)
	at org.testng.SuiteRunner.runTest(SuiteRunner.java:334)
	at org.testng.SuiteRunner.runSequentially(SuiteRunner.java:329)
	at org.testng.SuiteRunner.privateRun(SuiteRunner.java:291)
	at org.testng.SuiteRunner.run(SuiteRunner.java:240)
	at org.testng.SuiteRunnerWorker.runSuite(SuiteRunnerWorker.java:52)
	at org.testng.SuiteRunnerWorker.run(SuiteRunnerWorker.java:86)
	at org.testng.TestNG.runSuitesSequentially(TestNG.java:1224)
	at org.testng.TestNG.runSuitesLocally(TestNG.java:1149)
	at org.testng.TestNG.run(TestNG.java:1057)
	at org.testng.remote.RemoteTestNG.run(RemoteTestNG.java:111)
	at org.testng.remote.RemoteTestNG.initAndRun(RemoteTestNG.java:204)
	at org.testng.remote.RemoteTestNG.main(RemoteTestNG.java:175)
Caused by: org.openqa.selenium.remote.ErrorHandler$UnknownServerException: Window not found. The browser window may have been closed.
Build info: version: &apos;2.37.1&apos;, revision: &apos;a7c61cbd68657e133ae96672cf995890bad2ee42&apos;, time: &apos;2013-10-21 09:08:07&apos;
System info: host: &apos;Shahiduls-MacBook-Pro.local&apos;, ip: &apos;192.168.1.142&apos;, os.name: &apos;Mac OS X&apos;, os.arch: &apos;x86_64&apos;, os.version: &apos;10.8.5&apos;, java.version: &apos;1.7.0_40&apos;
Driver info: driver.version: unknown
	at &lt;anonymous class&gt;.nsCommandProcessor.prototype.execute(file:///var/folders/nv/lhxgdb8x6zn4qwqv_7_fqm7r0000gn/T/anonymous7827877466605667867webdriver-profile/extensions/fxdriver@googlecode.com/components/command_processor.js:10917)
	at &lt;anonymous class&gt;.Dispatcher.executeAs/&lt;(file:///var/folders/nv/lhxgdb8x6zn4qwqv_7_fqm7r0000gn/T/anonymous7827877466605667867webdriver-profile/extensions/fxdriver@googlecode.com/components/driver_component.js:7722)
	at &lt;anonymous class&gt;.Resource.prototype.handle(file:///var/folders/nv/lhxgdb8x6zn4qwqv_7_fqm7r0000gn/T/anonymous7827877466605667867webdriver-profile/extensions/fxdriver@googlecode.com/components/driver_component.js:7868)
	at &lt;anonymous class&gt;.Dispatcher.prototype.dispatch(file:///var/folders/nv/lhxgdb8x6zn4qwqv_7_fqm7r0000gn/T/anonymous7827877466605667867webdriver-profile/extensions/fxdriver@googlecode.com/components/driver_component.js:7815)
	at &lt;anonymous class&gt;.WebDriverServer/&lt;.handle(file:///var/folders/nv/lhxgdb8x6zn4qwqv_7_fqm7r0000gn/T/anonymous7827877466605667867webdriver-profile/extensions/fxdriver@googlecode.com/components/driver_component.js:10706)
	at &lt;anonymous class&gt;.createHandlerFunc/&lt;(file:///var/folders/nv/lhxgdb8x6zn4qwqv_7_fqm7r0000gn/T/anonymous7827877466605667867webdriver-profile/extensions/fxdriver@googlecode.com/components/httpd.js:1935)
	at &lt;anonymous class&gt;.ServerHandler.prototype.handleResponse(file:///var/folders/nv/lhxgdb8x6zn4qwqv_7_fqm7r0000gn/T/anonymous7827877466605667867webdriver-profile/extensions/fxdriver@googlecode.com/components/httpd.js:2261)
	at &lt;anonymous class&gt;.Connection.prototype.process(file:///var/folders/nv/lhxgdb8x6zn4qwqv_7_fqm7r0000gn/T/anonymous7827877466605667867webdriver-profile/extensions/fxdriver@googlecode.com/components/httpd.js:1168)
	at &lt;anonymous class&gt;.RequestReader.prototype._handleResponse(file:///var/folders/nv/lhxgdb8x6zn4qwqv_7_fqm7r0000gn/T/anonymous7827877466605667867webdriver-profile/extensions/fxdriver@googlecode.com/components/httpd.js:1616)
	at &lt;anonymous class&gt;.RequestReader.prototype._processBody(file:///var/folders/nv/lhxgdb8x6zn4qwqv_7_fqm7r0000gn/T/anonymous7827877466605667867webdriver-profile/extensions/fxdriver@googlecode.com/components/httpd.js:1464)
	at &lt;anonymous class&gt;.RequestReader.prototype.onInputStreamReady(file:///var/folders/nv/lhxgdb8x6zn4qwqv_7_fqm7r0000gn/T/anonymous7827877466605667867webdriver-profile/extensions/fxdriver@googlecode.com/components/httpd.js:1333)

</div> <!-- stack-trace -->
                </div> <!-- method-content -->
              </div> <!-- method -->
              <div class="method">
                <div class="method-content">
                  <a name="buyTicketsAsNewCustomerWithDifferentAddressByPaypal">
                  </a> <!-- buyTicketsAsNewCustomerWithDifferentAddressByPaypal -->
                  <span class="method-name">buyTicketsAsNewCustomerWithDifferentAddressByPaypal</span>
                  <div class="stack-trace">org.openqa.selenium.NoSuchWindowException: Window not found. The browser window may have been closed.
Command duration or timeout: 11 milliseconds
Build info: version: &apos;2.37.1&apos;, revision: &apos;a7c61cbd68657e133ae96672cf995890bad2ee42&apos;, time: &apos;2013-10-21 09:08:07&apos;
System info: host: &apos;Shahiduls-MacBook-Pro.local&apos;, ip: &apos;192.168.1.142&apos;, os.name: &apos;Mac OS X&apos;, os.arch: &apos;x86_64&apos;, os.version: &apos;10.8.5&apos;, java.version: &apos;1.7.0_40&apos;
Session ID: 5f1e02f4-3b1a-994a-a733-14142229d302
Driver info: org.openqa.selenium.firefox.FirefoxDriver
Capabilities [{platform=MAC, databaseEnabled=true, cssSelectorsEnabled=true, javascriptEnabled=true, acceptSslCerts=true, handlesAlerts=true, browserName=firefox, browserConnectionEnabled=true, nativeEvents=false, webStorageEnabled=true, rotatable=false, locationContextEnabled=true, applicationCacheEnabled=true, takesScreenshot=true, version=25.0.1}]
	at sun.reflect.NativeConstructorAccessorImpl.newInstance0(Native Method)
	at sun.reflect.NativeConstructorAccessorImpl.newInstance(NativeConstructorAccessorImpl.java:57)
	at sun.reflect.DelegatingConstructorAccessorImpl.newInstance(DelegatingConstructorAccessorImpl.java:45)
	at java.lang.reflect.Constructor.newInstance(Constructor.java:526)
	at org.openqa.selenium.remote.ErrorHandler.createThrowable(ErrorHandler.java:193)
	at org.openqa.selenium.remote.ErrorHandler.throwIfResponseFailed(ErrorHandler.java:145)
	at org.openqa.selenium.remote.RemoteWebDriver.execute(RemoteWebDriver.java:554)
	at org.openqa.selenium.remote.RemoteWebDriver.findElement(RemoteWebDriver.java:307)
	at org.openqa.selenium.remote.RemoteWebDriver.findElementByName(RemoteWebDriver.java:380)
	at org.openqa.selenium.By$ByName.findElement(By.java:305)
	at org.openqa.selenium.remote.RemoteWebDriver.findElement(RemoteWebDriver.java:299)
	at com.cs.ui.test.Common.accessCodeHandle(Common.java:25)
	at com.cs.ui.test.Common.addTicketsToCart(Common.java:133)
	at com.cs.ui.test.CoreStoreSmokeTest.buyTicketsAsNewCustomerWithDifferentAddressByPaypal(CoreStoreSmokeTest.java:31)
	at sun.reflect.NativeMethodAccessorImpl.invoke0(Native Method)
	at sun.reflect.NativeMethodAccessorImpl.invoke(NativeMethodAccessorImpl.java:57)
	at sun.reflect.DelegatingMethodAccessorImpl.invoke(DelegatingMethodAccessorImpl.java:43)
	at java.lang.reflect.Method.invoke(Method.java:606)
	at org.testng.internal.MethodInvocationHelper.invokeMethod(MethodInvocationHelper.java:84)
	at org.testng.internal.Invoker.invokeMethod(Invoker.java:714)
	at org.testng.internal.Invoker.invokeTestMethod(Invoker.java:901)
	at org.testng.internal.Invoker.invokeTestMethods(Invoker.java:1231)
	at org.testng.internal.TestMethodWorker.invokeTestMethods(TestMethodWorker.java:127)
	at org.testng.internal.TestMethodWorker.run(TestMethodWorker.java:111)
	at org.testng.TestRunner.privateRun(TestRunner.java:767)
	at org.testng.TestRunner.run(TestRunner.java:617)
	at org.testng.SuiteRunner.runTest(SuiteRunner.java:334)
	at org.testng.SuiteRunner.runSequentially(SuiteRunner.java:329)
	at org.testng.SuiteRunner.privateRun(SuiteRunner.java:291)
	at org.testng.SuiteRunner.run(SuiteRunner.java:240)
	at org.testng.SuiteRunnerWorker.runSuite(SuiteRunnerWorker.java:52)
	at org.testng.SuiteRunnerWorker.run(SuiteRunnerWorker.java:86)
	at org.testng.TestNG.runSuitesSequentially(TestNG.java:1224)
	at org.testng.TestNG.runSuitesLocally(TestNG.java:1149)
	at org.testng.TestNG.run(TestNG.java:1057)
	at org.testng.remote.RemoteTestNG.run(RemoteTestNG.java:111)
	at org.testng.remote.RemoteTestNG.initAndRun(RemoteTestNG.java:204)
	at org.testng.remote.RemoteTestNG.main(RemoteTestNG.java:175)
Caused by: org.openqa.selenium.remote.ErrorHandler$UnknownServerException: Window not found. The browser window may have been closed.
Build info: version: &apos;2.37.1&apos;, revision: &apos;a7c61cbd68657e133ae96672cf995890bad2ee42&apos;, time: &apos;2013-10-21 09:08:07&apos;
System info: host: &apos;Shahiduls-MacBook-Pro.local&apos;, ip: &apos;192.168.1.142&apos;, os.name: &apos;Mac OS X&apos;, os.arch: &apos;x86_64&apos;, os.version: &apos;10.8.5&apos;, java.version: &apos;1.7.0_40&apos;
Driver info: driver.version: unknown
	at &lt;anonymous class&gt;.nsCommandProcessor.prototype.execute(file:///var/folders/nv/lhxgdb8x6zn4qwqv_7_fqm7r0000gn/T/anonymous7827877466605667867webdriver-profile/extensions/fxdriver@googlecode.com/components/command_processor.js:10917)
	at &lt;anonymous class&gt;.Dispatcher.executeAs/&lt;(file:///var/folders/nv/lhxgdb8x6zn4qwqv_7_fqm7r0000gn/T/anonymous7827877466605667867webdriver-profile/extensions/fxdriver@googlecode.com/components/driver_component.js:7722)
	at &lt;anonymous class&gt;.Resource.prototype.handle(file:///var/folders/nv/lhxgdb8x6zn4qwqv_7_fqm7r0000gn/T/anonymous7827877466605667867webdriver-profile/extensions/fxdriver@googlecode.com/components/driver_component.js:7868)
	at &lt;anonymous class&gt;.Dispatcher.prototype.dispatch(file:///var/folders/nv/lhxgdb8x6zn4qwqv_7_fqm7r0000gn/T/anonymous7827877466605667867webdriver-profile/extensions/fxdriver@googlecode.com/components/driver_component.js:7815)
	at &lt;anonymous class&gt;.WebDriverServer/&lt;.handle(file:///var/folders/nv/lhxgdb8x6zn4qwqv_7_fqm7r0000gn/T/anonymous7827877466605667867webdriver-profile/extensions/fxdriver@googlecode.com/components/driver_component.js:10706)
	at &lt;anonymous class&gt;.createHandlerFunc/&lt;(file:///var/folders/nv/lhxgdb8x6zn4qwqv_7_fqm7r0000gn/T/anonymous7827877466605667867webdriver-profile/extensions/fxdriver@googlecode.com/components/httpd.js:1935)
	at &lt;anonymous class&gt;.ServerHandler.prototype.handleResponse(file:///var/folders/nv/lhxgdb8x6zn4qwqv_7_fqm7r0000gn/T/anonymous7827877466605667867webdriver-profile/extensions/fxdriver@googlecode.com/components/httpd.js:2261)
	at &lt;anonymous class&gt;.Connection.prototype.process(file:///var/folders/nv/lhxgdb8x6zn4qwqv_7_fqm7r0000gn/T/anonymous7827877466605667867webdriver-profile/extensions/fxdriver@googlecode.com/components/httpd.js:1168)
	at &lt;anonymous class&gt;.RequestReader.prototype._handleResponse(file:///var/folders/nv/lhxgdb8x6zn4qwqv_7_fqm7r0000gn/T/anonymous7827877466605667867webdriver-profile/extensions/fxdriver@googlecode.com/components/httpd.js:1616)
	at &lt;anonymous class&gt;.RequestReader.prototype._processBody(file:///var/folders/nv/lhxgdb8x6zn4qwqv_7_fqm7r0000gn/T/anonymous7827877466605667867webdriver-profile/extensions/fxdriver@googlecode.com/components/httpd.js:1464)
	at &lt;anonymous class&gt;.RequestReader.prototype.onInputStreamReady(file:///var/folders/nv/lhxgdb8x6zn4qwqv_7_fqm7r0000gn/T/anonymous7827877466605667867webdriver-profile/extensions/fxdriver@googlecode.com/components/httpd.js:1333)

</div> <!-- stack-trace -->
                </div> <!-- method-content -->
              </div> <!-- method -->
              <div class="method">
                <div class="method-content">
                  <a name="buyTicketsAsNewCustomerWithSameAddressByCreditCard">
                  </a> <!-- buyTicketsAsNewCustomerWithSameAddressByCreditCard -->
                  <span class="method-name">buyTicketsAsNewCustomerWithSameAddressByCreditCard</span>
                  <div class="stack-trace">org.openqa.selenium.NoSuchWindowException: Window not found. The browser window may have been closed.
Command duration or timeout: 11 milliseconds
Build info: version: &apos;2.37.1&apos;, revision: &apos;a7c61cbd68657e133ae96672cf995890bad2ee42&apos;, time: &apos;2013-10-21 09:08:07&apos;
System info: host: &apos;Shahiduls-MacBook-Pro.local&apos;, ip: &apos;192.168.1.142&apos;, os.name: &apos;Mac OS X&apos;, os.arch: &apos;x86_64&apos;, os.version: &apos;10.8.5&apos;, java.version: &apos;1.7.0_40&apos;
Session ID: 5f1e02f4-3b1a-994a-a733-14142229d302
Driver info: org.openqa.selenium.firefox.FirefoxDriver
Capabilities [{platform=MAC, databaseEnabled=true, cssSelectorsEnabled=true, javascriptEnabled=true, acceptSslCerts=true, handlesAlerts=true, browserName=firefox, browserConnectionEnabled=true, nativeEvents=false, webStorageEnabled=true, rotatable=false, locationContextEnabled=true, applicationCacheEnabled=true, takesScreenshot=true, version=25.0.1}]
	at sun.reflect.NativeConstructorAccessorImpl.newInstance0(Native Method)
	at sun.reflect.NativeConstructorAccessorImpl.newInstance(NativeConstructorAccessorImpl.java:57)
	at sun.reflect.DelegatingConstructorAccessorImpl.newInstance(DelegatingConstructorAccessorImpl.java:45)
	at java.lang.reflect.Constructor.newInstance(Constructor.java:526)
	at org.openqa.selenium.remote.ErrorHandler.createThrowable(ErrorHandler.java:193)
	at org.openqa.selenium.remote.ErrorHandler.throwIfResponseFailed(ErrorHandler.java:145)
	at org.openqa.selenium.remote.RemoteWebDriver.execute(RemoteWebDriver.java:554)
	at org.openqa.selenium.remote.RemoteWebDriver.findElement(RemoteWebDriver.java:307)
	at org.openqa.selenium.remote.RemoteWebDriver.findElementByName(RemoteWebDriver.java:380)
	at org.openqa.selenium.By$ByName.findElement(By.java:305)
	at org.openqa.selenium.remote.RemoteWebDriver.findElement(RemoteWebDriver.java:299)
	at com.cs.ui.test.Common.accessCodeHandle(Common.java:25)
	at com.cs.ui.test.Common.addTicketsToCart(Common.java:133)
	at com.cs.ui.test.CoreStoreSmokeTest.buyTicketsAsNewCustomerWithSameAddressByCreditCard(CoreStoreSmokeTest.java:49)
	at sun.reflect.NativeMethodAccessorImpl.invoke0(Native Method)
	at sun.reflect.NativeMethodAccessorImpl.invoke(NativeMethodAccessorImpl.java:57)
	at sun.reflect.DelegatingMethodAccessorImpl.invoke(DelegatingMethodAccessorImpl.java:43)
	at java.lang.reflect.Method.invoke(Method.java:606)
	at org.testng.internal.MethodInvocationHelper.invokeMethod(MethodInvocationHelper.java:84)
	at org.testng.internal.Invoker.invokeMethod(Invoker.java:714)
	at org.testng.internal.Invoker.invokeTestMethod(Invoker.java:901)
	at org.testng.internal.Invoker.invokeTestMethods(Invoker.java:1231)
	at org.testng.internal.TestMethodWorker.invokeTestMethods(TestMethodWorker.java:127)
	at org.testng.internal.TestMethodWorker.run(TestMethodWorker.java:111)
	at org.testng.TestRunner.privateRun(TestRunner.java:767)
	at org.testng.TestRunner.run(TestRunner.java:617)
	at org.testng.SuiteRunner.runTest(SuiteRunner.java:334)
	at org.testng.SuiteRunner.runSequentially(SuiteRunner.java:329)
	at org.testng.SuiteRunner.privateRun(SuiteRunner.java:291)
	at org.testng.SuiteRunner.run(SuiteRunner.java:240)
	at org.testng.SuiteRunnerWorker.runSuite(SuiteRunnerWorker.java:52)
	at org.testng.SuiteRunnerWorker.run(SuiteRunnerWorker.java:86)
	at org.testng.TestNG.runSuitesSequentially(TestNG.java:1224)
	at org.testng.TestNG.runSuitesLocally(TestNG.java:1149)
	at org.testng.TestNG.run(TestNG.java:1057)
	at org.testng.remote.RemoteTestNG.run(RemoteTestNG.java:111)
	at org.testng.remote.RemoteTestNG.initAndRun(RemoteTestNG.java:204)
	at org.testng.remote.RemoteTestNG.main(RemoteTestNG.java:175)
Caused by: org.openqa.selenium.remote.ErrorHandler$UnknownServerException: Window not found. The browser window may have been closed.
Build info: version: &apos;2.37.1&apos;, revision: &apos;a7c61cbd68657e133ae96672cf995890bad2ee42&apos;, time: &apos;2013-10-21 09:08:07&apos;
System info: host: &apos;Shahiduls-MacBook-Pro.local&apos;, ip: &apos;192.168.1.142&apos;, os.name: &apos;Mac OS X&apos;, os.arch: &apos;x86_64&apos;, os.version: &apos;10.8.5&apos;, java.version: &apos;1.7.0_40&apos;
Driver info: driver.version: unknown
	at &lt;anonymous class&gt;.nsCommandProcessor.prototype.execute(file:///var/folders/nv/lhxgdb8x6zn4qwqv_7_fqm7r0000gn/T/anonymous7827877466605667867webdriver-profile/extensions/fxdriver@googlecode.com/components/command_processor.js:10917)
	at &lt;anonymous class&gt;.Dispatcher.executeAs/&lt;(file:///var/folders/nv/lhxgdb8x6zn4qwqv_7_fqm7r0000gn/T/anonymous7827877466605667867webdriver-profile/extensions/fxdriver@googlecode.com/components/driver_component.js:7722)
	at &lt;anonymous class&gt;.Resource.prototype.handle(file:///var/folders/nv/lhxgdb8x6zn4qwqv_7_fqm7r0000gn/T/anonymous7827877466605667867webdriver-profile/extensions/fxdriver@googlecode.com/components/driver_component.js:7868)
	at &lt;anonymous class&gt;.Dispatcher.prototype.dispatch(file:///var/folders/nv/lhxgdb8x6zn4qwqv_7_fqm7r0000gn/T/anonymous7827877466605667867webdriver-profile/extensions/fxdriver@googlecode.com/components/driver_component.js:7815)
	at &lt;anonymous class&gt;.WebDriverServer/&lt;.handle(file:///var/folders/nv/lhxgdb8x6zn4qwqv_7_fqm7r0000gn/T/anonymous7827877466605667867webdriver-profile/extensions/fxdriver@googlecode.com/components/driver_component.js:10706)
	at &lt;anonymous class&gt;.createHandlerFunc/&lt;(file:///var/folders/nv/lhxgdb8x6zn4qwqv_7_fqm7r0000gn/T/anonymous7827877466605667867webdriver-profile/extensions/fxdriver@googlecode.com/components/httpd.js:1935)
	at &lt;anonymous class&gt;.ServerHandler.prototype.handleResponse(file:///var/folders/nv/lhxgdb8x6zn4qwqv_7_fqm7r0000gn/T/anonymous7827877466605667867webdriver-profile/extensions/fxdriver@googlecode.com/components/httpd.js:2261)
	at &lt;anonymous class&gt;.Connection.prototype.process(file:///var/folders/nv/lhxgdb8x6zn4qwqv_7_fqm7r0000gn/T/anonymous7827877466605667867webdriver-profile/extensions/fxdriver@googlecode.com/components/httpd.js:1168)
	at &lt;anonymous class&gt;.RequestReader.prototype._handleResponse(file:///var/folders/nv/lhxgdb8x6zn4qwqv_7_fqm7r0000gn/T/anonymous7827877466605667867webdriver-profile/extensions/fxdriver@googlecode.com/components/httpd.js:1616)
	at &lt;anonymous class&gt;.RequestReader.prototype._processBody(file:///var/folders/nv/lhxgdb8x6zn4qwqv_7_fqm7r0000gn/T/anonymous7827877466605667867webdriver-profile/extensions/fxdriver@googlecode.com/components/httpd.js:1464)
	at &lt;anonymous class&gt;.RequestReader.prototype.onInputStreamReady(file:///var/folders/nv/lhxgdb8x6zn4qwqv_7_fqm7r0000gn/T/anonymous7827877466605667867webdriver-profile/extensions/fxdriver@googlecode.com/components/httpd.js:1333)

</div> <!-- stack-trace -->
                </div> <!-- method-content -->
              </div> <!-- method -->
              <div class="method">
                <div class="method-content">
                  <a name="buyTicketsAsNewCustomerWithSameAddressByPaypal">
                  </a> <!-- buyTicketsAsNewCustomerWithSameAddressByPaypal -->
                  <span class="method-name">buyTicketsAsNewCustomerWithSameAddressByPaypal</span>
                  <div class="stack-trace">org.openqa.selenium.NoSuchWindowException: Window not found. The browser window may have been closed.
Command duration or timeout: 11 milliseconds
Build info: version: &apos;2.37.1&apos;, revision: &apos;a7c61cbd68657e133ae96672cf995890bad2ee42&apos;, time: &apos;2013-10-21 09:08:07&apos;
System info: host: &apos;Shahiduls-MacBook-Pro.local&apos;, ip: &apos;192.168.1.142&apos;, os.name: &apos;Mac OS X&apos;, os.arch: &apos;x86_64&apos;, os.version: &apos;10.8.5&apos;, java.version: &apos;1.7.0_40&apos;
Session ID: 5f1e02f4-3b1a-994a-a733-14142229d302
Driver info: org.openqa.selenium.firefox.FirefoxDriver
Capabilities [{platform=MAC, databaseEnabled=true, cssSelectorsEnabled=true, javascriptEnabled=true, acceptSslCerts=true, handlesAlerts=true, browserName=firefox, browserConnectionEnabled=true, nativeEvents=false, webStorageEnabled=true, rotatable=false, locationContextEnabled=true, applicationCacheEnabled=true, takesScreenshot=true, version=25.0.1}]
	at sun.reflect.NativeConstructorAccessorImpl.newInstance0(Native Method)
	at sun.reflect.NativeConstructorAccessorImpl.newInstance(NativeConstructorAccessorImpl.java:57)
	at sun.reflect.DelegatingConstructorAccessorImpl.newInstance(DelegatingConstructorAccessorImpl.java:45)
	at java.lang.reflect.Constructor.newInstance(Constructor.java:526)
	at org.openqa.selenium.remote.ErrorHandler.createThrowable(ErrorHandler.java:193)
	at org.openqa.selenium.remote.ErrorHandler.throwIfResponseFailed(ErrorHandler.java:145)
	at org.openqa.selenium.remote.RemoteWebDriver.execute(RemoteWebDriver.java:554)
	at org.openqa.selenium.remote.RemoteWebDriver.findElements(RemoteWebDriver.java:332)
	at org.openqa.selenium.remote.RemoteWebDriver.findElementsByXPath(RemoteWebDriver.java:408)
	at org.openqa.selenium.By$ByXPath.findElements(By.java:358)
	at org.openqa.selenium.remote.RemoteWebDriver.findElements(RemoteWebDriver.java:295)
	at com.cs.ui.test.Common.verifyElementPresent(Common.java:144)
	at com.cs.ui.test.Common.clickRemoveAllLink(Common.java:327)
	at com.cs.ui.test.CoreStoreSmokeTest.buyTicketsAsNewCustomerWithSameAddressByPaypal(CoreStoreSmokeTest.java:20)
	at sun.reflect.NativeMethodAccessorImpl.invoke0(Native Method)
	at sun.reflect.NativeMethodAccessorImpl.invoke(NativeMethodAccessorImpl.java:57)
	at sun.reflect.DelegatingMethodAccessorImpl.invoke(DelegatingMethodAccessorImpl.java:43)
	at java.lang.reflect.Method.invoke(Method.java:606)
	at org.testng.internal.MethodInvocationHelper.invokeMethod(MethodInvocationHelper.java:84)
	at org.testng.internal.Invoker.invokeMethod(Invoker.java:714)
	at org.testng.internal.Invoker.invokeTestMethod(Invoker.java:901)
	at org.testng.internal.Invoker.invokeTestMethods(Invoker.java:1231)
	at org.testng.internal.TestMethodWorker.invokeTestMethods(TestMethodWorker.java:127)
	at org.testng.internal.TestMethodWorker.run(TestMethodWorker.java:111)
	at org.testng.TestRunner.privateRun(TestRunner.java:767)
	at org.testng.TestRunner.run(TestRunner.java:617)
	at org.testng.SuiteRunner.runTest(SuiteRunner.java:334)
	at org.testng.SuiteRunner.runSequentially(SuiteRunner.java:329)
	at org.testng.SuiteRunner.privateRun(SuiteRunner.java:291)
	at org.testng.SuiteRunner.run(SuiteRunner.java:240)
	at org.testng.SuiteRunnerWorker.runSuite(SuiteRunnerWorker.java:52)
	at org.testng.SuiteRunnerWorker.run(SuiteRunnerWorker.java:86)
	at org.testng.TestNG.runSuitesSequentially(TestNG.java:1224)
	at org.testng.TestNG.runSuitesLocally(TestNG.java:1149)
	at org.testng.TestNG.run(TestNG.java:1057)
	at org.testng.remote.RemoteTestNG.run(RemoteTestNG.java:111)
	at org.testng.remote.RemoteTestNG.initAndRun(RemoteTestNG.java:204)
	at org.testng.remote.RemoteTestNG.main(RemoteTestNG.java:175)
Caused by: org.openqa.selenium.remote.ErrorHandler$UnknownServerException: Window not found. The browser window may have been closed.
Build info: version: &apos;2.37.1&apos;, revision: &apos;a7c61cbd68657e133ae96672cf995890bad2ee42&apos;, time: &apos;2013-10-21 09:08:07&apos;
System info: host: &apos;Shahiduls-MacBook-Pro.local&apos;, ip: &apos;192.168.1.142&apos;, os.name: &apos;Mac OS X&apos;, os.arch: &apos;x86_64&apos;, os.version: &apos;10.8.5&apos;, java.version: &apos;1.7.0_40&apos;
Driver info: driver.version: unknown
	at &lt;anonymous class&gt;.nsCommandProcessor.prototype.execute(file:///var/folders/nv/lhxgdb8x6zn4qwqv_7_fqm7r0000gn/T/anonymous7827877466605667867webdriver-profile/extensions/fxdriver@googlecode.com/components/command_processor.js:10917)
	at &lt;anonymous class&gt;.Dispatcher.executeAs/&lt;(file:///var/folders/nv/lhxgdb8x6zn4qwqv_7_fqm7r0000gn/T/anonymous7827877466605667867webdriver-profile/extensions/fxdriver@googlecode.com/components/driver_component.js:7722)
	at &lt;anonymous class&gt;.Resource.prototype.handle(file:///var/folders/nv/lhxgdb8x6zn4qwqv_7_fqm7r0000gn/T/anonymous7827877466605667867webdriver-profile/extensions/fxdriver@googlecode.com/components/driver_component.js:7868)
	at &lt;anonymous class&gt;.Dispatcher.prototype.dispatch(file:///var/folders/nv/lhxgdb8x6zn4qwqv_7_fqm7r0000gn/T/anonymous7827877466605667867webdriver-profile/extensions/fxdriver@googlecode.com/components/driver_component.js:7815)
	at &lt;anonymous class&gt;.WebDriverServer/&lt;.handle(file:///var/folders/nv/lhxgdb8x6zn4qwqv_7_fqm7r0000gn/T/anonymous7827877466605667867webdriver-profile/extensions/fxdriver@googlecode.com/components/driver_component.js:10706)
	at &lt;anonymous class&gt;.createHandlerFunc/&lt;(file:///var/folders/nv/lhxgdb8x6zn4qwqv_7_fqm7r0000gn/T/anonymous7827877466605667867webdriver-profile/extensions/fxdriver@googlecode.com/components/httpd.js:1935)
	at &lt;anonymous class&gt;.ServerHandler.prototype.handleResponse(file:///var/folders/nv/lhxgdb8x6zn4qwqv_7_fqm7r0000gn/T/anonymous7827877466605667867webdriver-profile/extensions/fxdriver@googlecode.com/components/httpd.js:2261)
	at &lt;anonymous class&gt;.Connection.prototype.process(file:///var/folders/nv/lhxgdb8x6zn4qwqv_7_fqm7r0000gn/T/anonymous7827877466605667867webdriver-profile/extensions/fxdriver@googlecode.com/components/httpd.js:1168)
	at &lt;anonymous class&gt;.RequestReader.prototype._handleResponse(file:///var/folders/nv/lhxgdb8x6zn4qwqv_7_fqm7r0000gn/T/anonymous7827877466605667867webdriver-profile/extensions/fxdriver@googlecode.com/components/httpd.js:1616)
	at &lt;anonymous class&gt;.RequestReader.prototype._processBody(file:///var/folders/nv/lhxgdb8x6zn4qwqv_7_fqm7r0000gn/T/anonymous7827877466605667867webdriver-profile/extensions/fxdriver@googlecode.com/components/httpd.js:1464)
	at &lt;anonymous class&gt;.RequestReader.prototype.onInputStreamReady(file:///var/folders/nv/lhxgdb8x6zn4qwqv_7_fqm7r0000gn/T/anonymous7827877466605667867webdriver-profile/extensions/fxdriver@googlecode.com/components/httpd.js:1333)

</div> <!-- stack-trace -->
                </div> <!-- method-content -->
              </div> <!-- method -->
            </div> <!-- main-panel-content rounded-window-bottom -->
          </div> <!-- suite-Default_suite-class-failed -->
        </div> <!-- panel Default_suite -->
        <div panel-name="test-xml-Default_suite" class="panel">
          <div class="main-panel-header rounded-window-top">
            <span class="header-content">/private/var/folders/nv/lhxgdb8x6zn4qwqv_7_fqm7r0000gn/T/testng-eclipse-1172499423/testng-customsuite.xml</span>
          </div> <!-- main-panel-header rounded-window-top -->
          <div class="main-panel-content rounded-window-bottom">
            <pre>
&lt;?xml version=&quot;1.0&quot; encoding=&quot;UTF-8&quot;?&gt;
&lt;!DOCTYPE suite SYSTEM &quot;http://testng.org/testng-1.0.dtd&quot;&gt;
&lt;suite name=&quot;Default suite&quot;&gt;
  &lt;test verbose=&quot;2&quot; name=&quot;Default test&quot;&gt;
    &lt;classes&gt;
      &lt;class name=&quot;com.cs.ui.test.BaseTest&quot;/&gt;
      &lt;class name=&quot;com.cs.ui.test.CoreStoreSmokeTest&quot;/&gt;
      &lt;class name=&quot;com.cs.ui.test.Common&quot;/&gt;
    &lt;/classes&gt;
  &lt;/test&gt; &lt;!-- Default test --&gt;
&lt;/suite&gt; &lt;!-- Default suite --&gt;
            </pre>
          </div> <!-- main-panel-content rounded-window-bottom -->
        </div> <!-- panel -->
        <div panel-name="testlist-Default_suite" class="panel">
          <div class="main-panel-header rounded-window-top">
            <span class="header-content">Tests for Default suite</span>
          </div> <!-- main-panel-header rounded-window-top -->
          <div class="main-panel-content rounded-window-bottom">
            <ul>
              <li>
                <span class="test-name">Default test (3 classes)</span>
              </li>
            </ul>
          </div> <!-- main-panel-content rounded-window-bottom -->
        </div> <!-- panel -->
        <div panel-name="group-Default_suite" class="panel">
          <div class="main-panel-header rounded-window-top">
            <span class="header-content">Groups for Default suite</span>
          </div> <!-- main-panel-header rounded-window-top -->
          <div class="main-panel-content rounded-window-bottom">
          </div> <!-- main-panel-content rounded-window-bottom -->
        </div> <!-- panel -->
        <div panel-name="times-Default_suite" class="panel">
          <div class="main-panel-header rounded-window-top">
            <span class="header-content">Times for Default suite</span>
          </div> <!-- main-panel-header rounded-window-top -->
          <div class="main-panel-content rounded-window-bottom">
            <div class="times-div">
              <script type="text/javascript">
suiteTableInitFunctions.push('tableData_Default_suite');
function tableData_Default_suite() {
var data = new google.visualization.DataTable();
data.addColumn('number', 'Number');
data.addColumn('string', 'Method');
data.addColumn('string', 'Class');
data.addColumn('number', 'Time (ms)');
data.addRows(6);
data.setCell(0, 0, 0)
data.setCell(0, 1, 'buyTicketsAsNewCustomerWithSameAddressByPaypal')
data.setCell(0, 2, 'com.cs.ui.test.CoreStoreSmokeTest')
data.setCell(0, 3, 42556);
data.setCell(1, 0, 1)
data.setCell(1, 1, 'buyTicketsAsNewCustomerWithDifferentAddressByCreditCard')
data.setCell(1, 2, 'com.cs.ui.test.CoreStoreSmokeTest')
data.setCell(1, 3, 6025);
data.setCell(2, 0, 2)
data.setCell(2, 1, 'buyTicketsAsNewCustomerWithDifferentAddressByPaypal')
data.setCell(2, 2, 'com.cs.ui.test.CoreStoreSmokeTest')
data.setCell(2, 3, 6025);
data.setCell(3, 0, 3)
data.setCell(3, 1, 'buyTicketsAsNewCustomerWithSameAddressByCreditCard')
data.setCell(3, 2, 'com.cs.ui.test.CoreStoreSmokeTest')
data.setCell(3, 3, 6024);
data.setCell(4, 0, 4)
data.setCell(4, 1, 'buyTicketsAsExistingCustomerByPaypal')
data.setCell(4, 2, 'com.cs.ui.test.CoreStoreSmokeTest')
data.setCell(4, 3, 6023);
data.setCell(5, 0, 5)
data.setCell(5, 1, 'buyTicketsAsExistingCustomerByCrediCard')
data.setCell(5, 2, 'com.cs.ui.test.CoreStoreSmokeTest')
data.setCell(5, 3, 6022);
window.suiteTableData['Default_suite']= { tableData: data, tableDiv: 'times-div-Default_suite'}
return data;
}
              </script>
              <span class="suite-total-time">Total running time: 1 minutes</span>
              <div id="times-div-Default_suite">
              </div> <!-- times-div-Default_suite -->
            </div> <!-- times-div -->
          </div> <!-- main-panel-content rounded-window-bottom -->
        </div> <!-- panel -->
        <div panel-name="reporter-Default_suite" class="panel">
          <div class="main-panel-header rounded-window-top">
            <span class="header-content">Reporter output for Default suite</span>
          </div> <!-- main-panel-header rounded-window-top -->
          <div class="main-panel-content rounded-window-bottom">
          </div> <!-- main-panel-content rounded-window-bottom -->
        </div> <!-- panel -->
        <div panel-name="ignored-methods-Default_suite" class="panel">
          <div class="main-panel-header rounded-window-top">
            <span class="header-content">4 ignored methods</span>
          </div> <!-- main-panel-header rounded-window-top -->
          <div class="main-panel-content rounded-window-bottom">
            <div class="ignored-class-div">
              <span class="ignored-class-name">com.cs.ui.test.CoreStoreSmokeTest</span>
              <div class="ignored-methods-div">
                <span class="ignored-method-name">start</span>
                <br/>
                <span class="ignored-method-name">end</span>
                <br/>
              </div> <!-- ignored-methods-div -->
            </div> <!-- ignored-class-div -->
            <div class="ignored-class-div">
              <span class="ignored-class-name">com.cs.ui.test.Common</span>
              <div class="ignored-methods-div">
                <span class="ignored-method-name">start</span>
                <br/>
                <span class="ignored-method-name">end</span>
                <br/>
              </div> <!-- ignored-methods-div -->
            </div> <!-- ignored-class-div -->
          </div> <!-- main-panel-content rounded-window-bottom -->
        </div> <!-- panel -->
        <div panel-name="chronological-Default_suite" class="panel">
          <div class="main-panel-header rounded-window-top">
            <span class="header-content">Methods in chronological order</span>
          </div> <!-- main-panel-header rounded-window-top -->
          <div class="main-panel-content rounded-window-bottom">
            <div class="chronological-class">
              <div class="chronological-class-name">com.cs.ui.test.BaseTest</div> <!-- chronological-class-name -->
              <div class="configuration-test before">
                <span class="method-name">start</span>
                <span class="method-start">0 ms</span>
              </div> <!-- configuration-test before -->
            </div> <!-- chronological-class -->
            <div class="chronological-class">
              <div class="chronological-class-name">com.cs.ui.test.CoreStoreSmokeTest</div> <!-- chronological-class-name -->
              <div class="test-method">
                <img src="failed.png">
                </img>
                <span class="method-name">buyTicketsAsNewCustomerWithSameAddressByPaypal</span>
                <span class="method-start">1344 ms</span>
              </div> <!-- test-method -->
              <div class="test-method">
                <img src="failed.png">
                </img>
                <span class="method-name">buyTicketsAsNewCustomerWithDifferentAddressByPaypal</span>
                <span class="method-start">43919 ms</span>
              </div> <!-- test-method -->
              <div class="test-method">
                <img src="failed.png">
                </img>
                <span class="method-name">buyTicketsAsNewCustomerWithSameAddressByCreditCard</span>
                <span class="method-start">49949 ms</span>
              </div> <!-- test-method -->
              <div class="test-method">
                <img src="failed.png">
                </img>
                <span class="method-name">buyTicketsAsNewCustomerWithDifferentAddressByCreditCard</span>
                <span class="method-start">55977 ms</span>
              </div> <!-- test-method -->
              <div class="test-method">
                <img src="failed.png">
                </img>
                <span class="method-name">buyTicketsAsExistingCustomerByCrediCard</span>
                <span class="method-start">62006 ms</span>
              </div> <!-- test-method -->
              <div class="test-method">
                <img src="failed.png">
                </img>
                <span class="method-name">buyTicketsAsExistingCustomerByPaypal</span>
                <span class="method-start">68032 ms</span>
              </div> <!-- test-method -->
            </div> <!-- chronological-class -->
            <div class="chronological-class">
              <div class="chronological-class-name">com.cs.ui.test.BaseTest</div> <!-- chronological-class-name -->
              <div class="configuration-test after">
                <span class="method-name">end</span>
                <span class="method-start">74058 ms</span>
              </div> <!-- configuration-test after -->
          </div> <!-- main-panel-content rounded-window-bottom -->
        </div> <!-- panel -->
      </div> <!-- main-panel-root -->
    </div> <!-- wrapper -->
  </body>
</html>
